alb galben rosu 
alb galben verde 
alb galben albastru 
alb rosu galben 
alb rosu verde 
alb rosu albastru 
alb verde galben 
alb verde rosu 
alb verde albastru 
alb albastru galben 
alb albastru rosu 
alb albastru verde 
galben alb rosu 
galben alb verde 
galben alb albastru 
galben rosu alb 
galben rosu verde 
galben rosu albastru 
galben verde alb 
galben verde rosu 
galben verde albastru 
galben albastru alb 
galben albastru rosu 
galben albastru verde 
rosu alb galben 
rosu alb verde 
rosu alb albastru 
rosu galben alb 
rosu galben verde 
rosu galben albastru 
rosu verde alb 
rosu verde galben 
rosu verde albastru 
rosu albastru alb 
rosu albastru galben 
rosu albastru verde 
verde alb galben 
verde alb rosu 
verde alb albastru 
verde galben alb 
verde galben rosu 
verde galben albastru 
verde rosu alb 
verde rosu galben 
verde rosu albastru 
verde albastru alb 
verde albastru galben 
verde albastru rosu 
albastru alb galben 
albastru alb rosu 
albastru alb verde 
albastru galben alb 
albastru galben rosu 
albastru galben verde 
albastru rosu alb 
albastru rosu galben 
albastru rosu verde 
albastru verde alb 
albastru verde galben 
albastru verde rosu 
